querystring.parse('userName=LiaoDong&age=40&sex=male')
querystring.parse('userName=LiaoDong&age=40&sex=male','!')
querystring.parse('userName=LiaoDong&age=40&sex=male','&')
querystring.parse('userName=LiaoDong!age=40!sex=male','!')
querystring.parse('userName=LiaoDong&age=40&sex=male','&',':')
querystring.parse('userName=LiaoDong&age=40&sex=male','&','=')
querystring.parse('userName:LiaoDong&age:40&sex:male','&',':')
querystring.parse('userName=LiaoDong&age=40&sex=male','&','=',{maxKeys:3})
querystring.parse('userName=LiaoDong&age=40&sex=male','&','=',{maxKeys:2})
querystring.parse('userName=LiaoDong&age=40&sex=male','&','=',{maxKeys:1})
querystring.parse('userName=LiaoDong&age=40&sex=male','&','=',{maxKeys:0})
querystring.stringify({username:'wang',age:'40',sex:'male'})
querystring.stringify({username:'wang',age:'40',sex:'male'},'!')
querystring.stringify({username:'wang',age:'40',sex:'male'},'&',':')
var url="http://user:pass@host.com:8080/users/user.php?userName=whiteblue&age=40&sex=male#name1"
var u="http://user:pass@host.com:8080/users/user.php?userName=whiteblue&age=40&sex=male#name1"
url=require('url')
url.parse(u)
obj=url.parse(u)
url.format(obj)
url.resolve('http://www.example.com/a/b/c','/one')
url.resolve('http://www.example.com/a/b/c','http://www.google.com/')
url.resolve('/a/b/c','http://www.google.com/')
url.resolve('../a/b/c','http://www.google.com/')
url.resolve('/a/b/c','/one/two/three')
url.resolve('../a/b/c','/one/two/three')
