{ DTRACE_NET_SERVER_CONNECTION: [Function],
  DTRACE_NET_STREAM_END: [Function],
  DTRACE_HTTP_SERVER_REQUEST: [Function],
  DTRACE_HTTP_SERVER_RESPONSE: [Function],
  DTRACE_HTTP_CLIENT_REQUEST: [Function],
  DTRACE_HTTP_CLIENT_RESPONSE: [Function],
  COUNTER_NET_SERVER_CONNECTION: [Function],
  COUNTER_NET_SERVER_CONNECTION_CLOSE: [Function],
  COUNTER_HTTP_SERVER_REQUEST: [Function],
  COUNTER_HTTP_SERVER_RESPONSE: [Function],
  COUNTER_HTTP_CLIENT_REQUEST: [Function],
  COUNTER_HTTP_CLIENT_RESPONSE: [Function],
  global: [Circular],
  process: 
   process {
     title: 'invisible cygwin console',
     version: 'v4.2.3',
     moduleLoadList: 
      [ 'Binding contextify',
        'Binding natives',
        'NativeModule events',
        'NativeModule buffer',
        'Binding buffer',
        'NativeModule internal/util',
        'NativeModule timers',
        'Binding timer_wrap',
        'NativeModule _linklist',
        'NativeModule assert',
        'NativeModule util',
        'Binding uv',
        'Binding util',
        'NativeModule path',
        'NativeModule module',
        'NativeModule internal/module',
        'NativeModule vm',
        'NativeModule fs',
        'Binding fs',
        'NativeModule constants',
        'Binding constants',
        'NativeModule stream',
        'NativeModule _stream_readable',
        'NativeModule _stream_writable',
        'NativeModule _stream_duplex',
        'NativeModule _stream_transform',
        'NativeModule _stream_passthrough',
        'Binding fs_event_wrap',
        'NativeModule console',
        'Binding tty_wrap',
        'NativeModule net',
        'Binding cares_wrap',
        'Binding tcp_wrap',
        'Binding pipe_wrap',
        'Binding stream_wrap' ],
     versions: 
      { http_parser: '2.5.0',
        node: '4.2.3',
        v8: '4.5.103.35',
        uv: '1.7.5',
        zlib: '1.2.8',
        ares: '1.10.1-DEV',
        icu: '56.1',
        modules: '46',
        openssl: '1.0.2e' },
     arch: 'x64',
     platform: 'win32',
     release: 
      { name: 'node',
        lts: 'Argon',
        sourceUrl: 'https://nodejs.org/download/release/v4.2.3/node-v4.2.3.tar.gz',
        headersUrl: 'https://nodejs.org/download/release/v4.2.3/node-v4.2.3-headers.tar.gz',
        libUrl: 'https://nodejs.org/download/release/v4.2.3/win-x64/node.lib' },
     argv: 
      [ 'F:\\nodejs\\node.exe',
        'F:\\nodejs\\nodeJS-note\\console\\global.js' ],
     execArgv: [],
     env: 
      { ACLOCAL_PATH: 'C:\\Program Files\\Git\\mingw64\\share\\aclocal;C:\\Program Files\\Git\\usr\\share\\aclocal',
        ALLUSERSPROFILE: 'C:\\ProgramData',
        APPDATA: 'C:\\Users\\Administrator\\AppData\\Roaming',
        COMMONPROGRAMFILES: 'C:\\Program Files\\Common Files',
        COMPUTERNAME: 'SKY-20150301VHP',
        COMSPEC: 'C:\\WINDOWS\\system32\\cmd.exe',
        C_EM64T_REDIST11: 'C:\\Program Files (x86)\\Common Files\\Intel\\Shared Files\\cpp\\',
        'CommonProgramFiles(x86)': 'C:\\Program Files (x86)\\Common Files',
        CommonProgramW6432: 'C:\\Program Files\\Common Files',
        EXEPATH: 'C:\\Program Files\\Git',
        FP_NO_HOST_CHECK: 'NO',
        HOME: 'C:\\Users\\Administrator',
        HOMEDRIVE: 'C:',
        HOMEPATH: '\\Users\\Administrator',
        HOSTNAME: 'SKY-20150301VHP',
        INFOPATH: 'C:\\Program Files\\Git\\usr\\local\\info;C:\\Program Files\\Git\\usr\\share\\info;C:\\Program Files\\Git\\usr\\info;C:\\Program Files\\Git\\share\\info',
        JAVA_HOME: 'C:\\Program Files\\Java\\jdk1.8.0_60',
        LANG: 'zh_CN.UTF-8',
        LOCALAPPDATA: 'C:\\Users\\Administrator\\AppData\\Local',
        LOGONSERVER: '\\\\MicrosoftAccount',
        M2_HOME: 'F:\\apache-maven-3.3.9',
        MANPATH: 'C:\\Program Files\\Git\\mingw64\\share\\man;C:\\Program Files\\Git\\usr\\local\\man;C:\\Program Files\\Git\\usr\\share\\man;C:\\Program Files\\Git\\usr\\man;C:\\Program Files\\Git\\share\\man',
        MSYSTEM: 'MINGW64',
        NUMBER_OF_PROCESSORS: '4',
        OLDPWD: 'F:/nodejs/nodeJS-note',
        OS: 'Windows_NT',
        PATH: 'C:\\Users\\Administrator\\bin;C:\\Program Files\\Git\\mingw64\\bin;C:\\Program Files\\Git\\usr\\local\\bin;C:\\Program Files\\Git\\usr\\bin;C:\\Program Files\\Git\\usr\\bin;C:\\Program Files\\Git\\mingw64\\bin;C:\\Program Files\\Git\\usr\\bin;C:\\ProgramData\\Oracle\\Java\\javapath;C:\\Program Files (x86)\\Common Files\\Intel\\Shared Files\\cpp\\bin\\Intel64;C:\\WINDOWS\\system32;C:\\WINDOWS;C:\\WINDOWS\\System32\\Wbem;C:\\WINDOWS\\System32\\WindowsPowerShell\\v1.0;C:\\Program Files\\Microsoft\\Web Platform Installer;C:\\Program Files (x86)\\Microsoft ASP.NET\\ASP.NET Web Pages\\v1.0;C:\\Program Files (x86)\\Microsoft SQL Server\\100\\Tools\\Binn;C:\\Program Files\\Microsoft SQL Server\\100\\Tools\\Binn;C:\\Program Files\\Microsoft SQL Server\\100\\DTS\\Binn;C:\\Program Files (x86)\\ATI Technologies\\ATI.ACE\\Core-Static;D:\\QuickTime\\QTSystem;F:\\nodejs;C:\\Program Files\\Java\\jdk1.8.0_60\\bin;F:\\Deployd\\bin;F:\\apache-maven-3.3.9\\bin;C:\\Users\\Administrator\\AppData\\Roaming\\npm;C:\\Program Files\\Git\\usr\\bin\\vendor_perl;C:\\Program Files\\Git\\usr\\bin\\core_perl',
        PATHEXT: '.COM;.EXE;.BAT;.CMD;.VBS;.VBE;.JS;.JSE;.WSF;.WSH;.MSC',
        PKG_CONFIG_PATH: 'C:\\Program Files\\Git\\mingw64\\lib\\pkgconfig;C:\\Program Files\\Git\\mingw64\\share\\pkgconfig',
        PLINK_PROTOCOL: 'ssh',
        PRINTER: 'Microsoft Print to PDF',
        PROCESSOR_ARCHITECTURE: 'AMD64',
        PROCESSOR_IDENTIFIER: 'Intel64 Family 6 Model 42 Stepping 7, GenuineIntel',
        PROCESSOR_LEVEL: '6',
        PROCESSOR_REVISION: '2a07',
        PROGRAMFILES: 'C:\\Program Files',
        PS1: '\\[\\033]0;$MSYSTEM:${PWD//[^[:ascii:]]/?}\\007\\]\\n\\[\\033[32m\\]\\u@\\h \\[\\033[35m\\]$MSYSTEM \\[\\033[33m\\]\\w\\[\\033[36m\\]`__git_ps1`\\[\\033[0m\\]\\n$ ',
        PSModulePath: 'C:\\WINDOWS\\system32\\WindowsPowerShell\\v1.0\\Modules\\',
        PUBLIC: 'C:\\Users\\Public',
        PWD: 'F:/nodejs/nodeJS-note/console',
        ProgramData: 'C:\\ProgramData',
        'ProgramFiles(x86)': 'C:\\Program Files (x86)',
        ProgramW6432: 'C:\\Program Files',
        SESSIONNAME: 'Console',
        SHELL: 'C:/Program Files/Git/usr/bin/bash',
        SHLVL: '1',
        SYSTEMDRIVE: 'C:',
        SYSTEMROOT: 'C:\\WINDOWS',
        TEMP: 'C:\\Users\\ADMINI~1\\AppData\\Local\\Temp',
        TERM: 'xterm',
        TMP: 'C:\\Users\\ADMINI~1\\AppData\\Local\\Temp',
        TMPDIR: 'C:\\Users\\ADMINI~1\\AppData\\Local\\Temp',
        USERDOMAIN: 'SKY-20150301VHP',
        USERDOMAIN_ROAMINGPROFILE: 'SKY-20150301VHP',
        USERNAME: 'Administrator',
        USERPROFILE: 'C:\\Users\\Administrator',
        WINDIR: 'C:\\WINDOWS',
        _: 'F:/nodejs/node',
        'asl.log': 'Destination=file',
        windows_tracing_flags: '3',
        windows_tracing_logfile: 'C:\\BVTBin\\Tests\\installpackage\\csilogfile.log' },
     pid: 8312,
     features: 
      { debug: false,
        uv: true,
        ipv6: true,
        tls_npn: true,
        tls_sni: true,
        tls_ocsp: true,
        tls: true },
     _needImmediateCallback: false,
     execPath: 'F:\\nodejs\\node.exe',
     debugPort: 5858,
     _startProfilerIdleNotifier: [Function: _startProfilerIdleNotifier],
     _stopProfilerIdleNotifier: [Function: _stopProfilerIdleNotifier],
     _getActiveRequests: [Function: _getActiveRequests],
     _getActiveHandles: [Function: _getActiveHandles],
     reallyExit: [Function: reallyExit],
     abort: [Function: abort],
     chdir: [Function: chdir],
     cwd: [Function: cwd],
     umask: [Function: umask],
     _kill: [Function: _kill],
     _debugProcess: [Function: _debugProcess],
     _debugPause: [Function: _debugPause],
     _debugEnd: [Function: _debugEnd],
     hrtime: [Function: hrtime],
     dlopen: [Function: dlopen],
     uptime: [Function: uptime],
     memoryUsage: [Function: memoryUsage],
     binding: [Function: binding],
     _linkedBinding: [Function: _linkedBinding],
     _setupDomainUse: [Function: _setupDomainUse],
     _events: { newListener: [Function], removeListener: [Function] },
     _rawDebug: [Function],
     domain: null,
     _maxListeners: undefined,
     EventEmitter: 
      { [Function: EventEmitter]
        EventEmitter: [Circular],
        usingDomains: false,
        defaultMaxListeners: 10,
        init: [Function],
        listenerCount: [Function] },
     _fatalException: [Function],
     _exiting: false,
     assert: [Function],
     config: { target_defaults: [Object], variables: [Object] },
     nextTick: [Function: nextTick],
     _tickCallback: [Function: _tickCallback],
     _tickDomainCallback: [Function: _tickDomainCallback],
     stdout: [Getter],
     stderr: [Getter],
     stdin: [Getter],
     openStdin: [Function],
     exit: [Function],
     kill: [Function],
     _eventsCount: NaN,
     mainModule: 
      Module {
        id: '.',
        exports: {},
        parent: null,
        filename: 'F:\\nodejs\\nodeJS-note\\console\\global.js',
        loaded: false,
        children: [],
        paths: [Object] } },
  GLOBAL: [Circular],
  root: [Circular],
  Buffer: 
   { [Function: Buffer]
     poolSize: 8192,
     isBuffer: [Function: isBuffer],
     compare: [Function: compare],
     isEncoding: [Function],
     concat: [Function],
     byteLength: [Function: byteLength] },
  clearImmediate: [Function],
  clearInterval: [Function],
  clearTimeout: [Function],
  setImmediate: [Function],
  setInterval: [Function],
  setTimeout: [Function],
  console: [Getter] }
